Build started 10/7/2015 12:39:05 AM.
     1>Project "C:\Users\James\Documents\Visual Studio 2013\Projects\OBJParser\OBJParser\OBJParser.vcxproj" on node 2 (Build target(s)).
     1>ClCompile:
         C:\Program Files (x86)\Microsoft Visual Studio 14.0\VC\bin\CL.exe /c /Zi /nologo /W3 /WX- /sdl /O2 /Oi /Oy- /GL /D WIN32 /D NDEBUG /D _WINDOWS /D _USRDLL /D OBJPARSER_EXPORTS /D _UNICODE /D UNICODE /Gm- /EHsc /MD /GS /Gy /fp:precise /Zc:wchar_t /Zc:forScope /Zc:inline /Yc"stdafx.h" /Fp"Release\OBJParser.pch" /Fo"Release\\" /Fd"Release\OBJParser.pdb" /Gd /TP /analyze- /errorReport:prompt stdafx.cpp
         stdafx.cpp
         C:\Program Files (x86)\Microsoft Visual Studio 14.0\VC\bin\CL.exe /c /Zi /nologo /W3 /WX- /sdl /O2 /Oi /Oy- /GL /D WIN32 /D NDEBUG /D _WINDOWS /D _USRDLL /D OBJPARSER_EXPORTS /D _UNICODE /D UNICODE /Gm- /EHsc /MD /GS /Gy /fp:precise /Zc:wchar_t /Zc:forScope /Zc:inline /Fo"Release\\" /Fd"Release\OBJParser.pdb" /Gd /TP /analyze- /errorReport:prompt Color.cpp CommentScannerState.cpp conversionFuncs.cpp EndScannerState.cpp ErrorScannerState.cpp Face.cpp FaceExpression.cpp FaceVertex.cpp Group.cpp IdentifierScannerState.cpp IExpression.cpp IScannerState.cpp LineExpression.cpp Material.cpp MaterialExpression.cpp ModelObject.cpp NonTerminalExpression.cpp NormalExpression.cpp NumberScannerState.cpp OBJData.cpp ObjectExpression.cpp OBJParser.cpp OBJParserTester.cpp Parser.cpp Scanner.cpp StandardScannerState.cpp Stream.cpp SymbolScannerState.cpp Token.cpp UVExpression.cpp VertexExpression.cpp
         Color.cpp
         CommentScannerState.cpp
         conversionFuncs.cpp
     1>conversionFuncs.cpp(6): warning C4018: '<': signed/unsigned mismatch
     1>conversionFuncs.cpp(20): warning C4018: '<': signed/unsigned mismatch
         EndScannerState.cpp
         ErrorScannerState.cpp
         Face.cpp
         FaceExpression.cpp
         FaceVertex.cpp
         Group.cpp
         IdentifierScannerState.cpp
         IExpression.cpp
         IScannerState.cpp
         LineExpression.cpp
         Material.cpp
         MaterialExpression.cpp
         ModelObject.cpp
         NonTerminalExpression.cpp
         NormalExpression.cpp
         NumberScannerState.cpp
         OBJData.cpp
         Compiling...
         ObjectExpression.cpp
         OBJParser.cpp
         OBJParserTester.cpp
         Parser.cpp
         Scanner.cpp
         StandardScannerState.cpp
         Stream.cpp
         SymbolScannerState.cpp
         Token.cpp
         UVExpression.cpp
         VertexExpression.cpp
         C:\Program Files (x86)\Microsoft Visual Studio 14.0\VC\bin\CL.exe /c /Zi /nologo /W3 /WX- /sdl /O2 /Oi /Oy- /GL /D WIN32 /D NDEBUG /D _WINDOWS /D _USRDLL /D OBJPARSER_EXPORTS /D _UNICODE /D UNICODE /Gm- /EHsc /MD /GS /Gy /fp:precise /Zc:wchar_t /Zc:forScope /Zc:inline /Fo"Release\\" /Fd"Release\OBJParser.pdb" /Gd /TP /analyze- /errorReport:prompt dllmain.cpp
         dllmain.cpp
       Lib:
         C:\Program Files (x86)\Microsoft Visual Studio 14.0\VC\bin\Lib.exe /OUT:"C:\Users\James\Documents\Visual Studio 2013\Projects\CS455Project\Release\OBJParser.lib" /NOLOGO /LTCG Release\Color.obj
         Release\CommentScannerState.obj
         Release\conversionFuncs.obj
         Release\dllmain.obj
         Release\EndScannerState.obj
         Release\ErrorScannerState.obj
         Release\Face.obj
         Release\FaceExpression.obj
         Release\FaceVertex.obj
         Release\Group.obj
         Release\IdentifierScannerState.obj
         Release\IExpression.obj
         Release\IScannerState.obj
         Release\LineExpression.obj
         Release\Material.obj
         Release\MaterialExpression.obj
         Release\ModelObject.obj
         Release\NonTerminalExpression.obj
         Release\NormalExpression.obj
         Release\NumberScannerState.obj
         Release\OBJData.obj
         Release\ObjectExpression.obj
         Release\OBJParser.obj
         Release\OBJParserTester.obj
         Release\Parser.obj
         Release\Scanner.obj
         Release\StandardScannerState.obj
         Release\stdafx.obj
         Release\Stream.obj
         Release\SymbolScannerState.obj
         Release\Token.obj
         Release\UVExpression.obj
         Release\VertexExpression.obj
         OBJParser.vcxproj -> C:\Users\James\Documents\Visual Studio 2013\Projects\CS455Project\Release\OBJParser.lib
     1>Done Building Project "C:\Users\James\Documents\Visual Studio 2013\Projects\OBJParser\OBJParser\OBJParser.vcxproj" (Build target(s)).

Build succeeded.

Time Elapsed 00:02:26.48
