c:\users\james\documents\visual studio 2013\projects\objparser\objparser\release\objparser.pch
c:\users\james\documents\visual studio 2013\projects\objparser\objparser\release\objparser.pdb
c:\users\james\documents\visual studio 2013\projects\objparser\objparser\release\stdafx.obj
c:\users\james\documents\visual studio 2013\projects\objparser\objparser\release\objdata.obj
c:\users\james\documents\visual studio 2013\projects\objparser\objparser\release\numberscannerstate.obj
c:\users\james\documents\visual studio 2013\projects\objparser\objparser\release\normalexpression.obj
c:\users\james\documents\visual studio 2013\projects\objparser\objparser\release\nonterminalexpression.obj
c:\users\james\documents\visual studio 2013\projects\objparser\objparser\release\modelobject.obj
c:\users\james\documents\visual studio 2013\projects\objparser\objparser\release\materialexpression.obj
c:\users\james\documents\visual studio 2013\projects\objparser\objparser\release\material.obj
c:\users\james\documents\visual studio 2013\projects\objparser\objparser\release\lineexpression.obj
c:\users\james\documents\visual studio 2013\projects\objparser\objparser\release\iscannerstate.obj
c:\users\james\documents\visual studio 2013\projects\objparser\objparser\release\iexpression.obj
c:\users\james\documents\visual studio 2013\projects\objparser\objparser\release\identifierscannerstate.obj
c:\users\james\documents\visual studio 2013\projects\objparser\objparser\release\group.obj
c:\users\james\documents\visual studio 2013\projects\objparser\objparser\release\facevertex.obj
c:\users\james\documents\visual studio 2013\projects\objparser\objparser\release\faceexpression.obj
c:\users\james\documents\visual studio 2013\projects\objparser\objparser\release\face.obj
c:\users\james\documents\visual studio 2013\projects\objparser\objparser\release\errorscannerstate.obj
c:\users\james\documents\visual studio 2013\projects\objparser\objparser\release\endscannerstate.obj
c:\users\james\documents\visual studio 2013\projects\objparser\objparser\release\conversionfuncs.obj
c:\users\james\documents\visual studio 2013\projects\objparser\objparser\release\commentscannerstate.obj
c:\users\james\documents\visual studio 2013\projects\objparser\objparser\release\color.obj
c:\users\james\documents\visual studio 2013\projects\objparser\objparser\release\vertexexpression.obj
c:\users\james\documents\visual studio 2013\projects\objparser\objparser\release\uvexpression.obj
c:\users\james\documents\visual studio 2013\projects\objparser\objparser\release\token.obj
c:\users\james\documents\visual studio 2013\projects\objparser\objparser\release\symbolscannerstate.obj
c:\users\james\documents\visual studio 2013\projects\objparser\objparser\release\stream.obj
c:\users\james\documents\visual studio 2013\projects\objparser\objparser\release\standardscannerstate.obj
c:\users\james\documents\visual studio 2013\projects\objparser\objparser\release\scanner.obj
c:\users\james\documents\visual studio 2013\projects\objparser\objparser\release\parser.obj
c:\users\james\documents\visual studio 2013\projects\objparser\objparser\release\objparsertester.obj
c:\users\james\documents\visual studio 2013\projects\objparser\objparser\release\objparser.obj
c:\users\james\documents\visual studio 2013\projects\objparser\objparser\release\objectexpression.obj
c:\users\james\documents\visual studio 2013\projects\objparser\objparser\release\dllmain.obj
c:\users\james\documents\visual studio 2013\projects\cs455project\release\objparser.lib
c:\users\james\documents\visual studio 2013\projects\objparser\objparser\release\objparser.tlog\cl.command.1.tlog
c:\users\james\documents\visual studio 2013\projects\objparser\objparser\release\objparser.tlog\cl.read.1.tlog
c:\users\james\documents\visual studio 2013\projects\objparser\objparser\release\objparser.tlog\cl.write.1.tlog
c:\users\james\documents\visual studio 2013\projects\objparser\objparser\release\objparser.tlog\lib-link.read.1.tlog
c:\users\james\documents\visual studio 2013\projects\objparser\objparser\release\objparser.tlog\lib-link.write.1.tlog
c:\users\james\documents\visual studio 2013\projects\objparser\objparser\release\objparser.tlog\lib.command.1.tlog
