Build started 10/7/2015 3:14:57 AM.
     1>Project "C:\Users\James\Documents\Visual Studio 2013\Projects\OBJParser\OBJParser\OBJParser.vcxproj" on node 2 (Build target(s)).
     1>ClCompile:
         C:\Program Files (x86)\Microsoft Visual Studio 14.0\VC\bin\CL.exe /c /ZI /nologo /W3 /WX- /sdl /Od /Oy- /D WIN32 /D _DEBUG /D _WINDOWS /D _USRDLL /D OBJPARSER_EXPORTS /D _UNICODE /D UNICODE /Gm /EHsc /RTC1 /MDd /GS /fp:precise /Zc:wchar_t /Zc:forScope /Zc:inline /Fo"Debug\\" /Fd"Debug\OBJParser.pdb" /Gd /TP /analyze- /errorReport:prompt CommentScannerState.cpp FaceExpression.cpp Group.cpp IdentifierScannerState.cpp LineExpression.cpp MaterialExpression.cpp ModelObject.cpp NormalExpression.cpp NumberScannerState.cpp OBJData.cpp OBJParser.cpp OBJParserTester.cpp ObjectExpression.cpp Parser.cpp Scanner.cpp StandardScannerState.cpp Stream.cpp SymbolScannerState.cpp UVExpression.cpp VertexExpression.cpp
         Scanner.cpp
         Parser.cpp
         Group.cpp
         FaceExpression.cpp
         Generating Code...
         Compiling...
         ObjectExpression.cpp
         OBJData.cpp
         ModelObject.cpp
         Generating Code...
         Skipping... (no relevant changes detected)
         VertexExpression.cpp
         UVExpression.cpp
         SymbolScannerState.cpp
         Stream.cpp
         StandardScannerState.cpp
         OBJParserTester.cpp
         OBJParser.cpp
         NumberScannerState.cpp
         NormalExpression.cpp
         MaterialExpression.cpp
         LineExpression.cpp
         IdentifierScannerState.cpp
         CommentScannerState.cpp
       Lib:
         C:\Program Files (x86)\Microsoft Visual Studio 14.0\VC\bin\Lib.exe /OUT:"C:\Users\James\Documents\Visual Studio 2013\Projects\CS455Project\Debug\OBJParser.lib" /NOLOGO Debug\Color.obj
         Debug\CommentScannerState.obj
         Debug\conversionFuncs.obj
         Debug\dllmain.obj
         Debug\EndScannerState.obj
         Debug\ErrorScannerState.obj
         Debug\Face.obj
         Debug\FaceExpression.obj
         Debug\FaceVertex.obj
         Debug\Group.obj
         Debug\IdentifierScannerState.obj
         Debug\IExpression.obj
         Debug\IScannerState.obj
         Debug\LineExpression.obj
         Debug\Material.obj
         Debug\MaterialExpression.obj
         Debug\ModelObject.obj
         Debug\NonTerminalExpression.obj
         Debug\NormalExpression.obj
         Debug\NumberScannerState.obj
         Debug\OBJData.obj
         Debug\ObjectExpression.obj
         Debug\OBJParser.obj
         Debug\OBJParserTester.obj
         Debug\Parser.obj
         Debug\Scanner.obj
         Debug\StandardScannerState.obj
         Debug\stdafx.obj
         Debug\Stream.obj
         Debug\SymbolScannerState.obj
         Debug\Token.obj
         Debug\UVExpression.obj
         Debug\VertexExpression.obj
         OBJParser.vcxproj -> C:\Users\James\Documents\Visual Studio 2013\Projects\CS455Project\Debug\OBJParser.lib
     1>Done Building Project "C:\Users\James\Documents\Visual Studio 2013\Projects\OBJParser\OBJParser\OBJParser.vcxproj" (Build target(s)).

Build succeeded.

Time Elapsed 00:00:58.23
