c:\users\james\documents\visual studio 2013\projects\objparser\objparser\debug\objparser.pch
c:\users\james\documents\visual studio 2013\projects\objparser\objparser\debug\objparser.pdb
c:\users\james\documents\visual studio 2013\projects\objparser\objparser\debug\objparser.idb
c:\users\james\documents\visual studio 2013\projects\objparser\objparser\debug\stdafx.obj
c:\users\james\documents\visual studio 2013\projects\objparser\objparser\debug\iscannerstate.obj
c:\users\james\documents\visual studio 2013\projects\objparser\objparser\debug\lineexpression.obj
c:\users\james\documents\visual studio 2013\projects\objparser\objparser\debug\material.obj
c:\users\james\documents\visual studio 2013\projects\objparser\objparser\debug\materialexpression.obj
c:\users\james\documents\visual studio 2013\projects\objparser\objparser\debug\modelobject.obj
c:\users\james\documents\visual studio 2013\projects\objparser\objparser\debug\nonterminalexpression.obj
c:\users\james\documents\visual studio 2013\projects\objparser\objparser\debug\normalexpression.obj
c:\users\james\documents\visual studio 2013\projects\objparser\objparser\debug\numberscannerstate.obj
c:\users\james\documents\visual studio 2013\projects\objparser\objparser\debug\objdata.obj
c:\users\james\documents\visual studio 2013\projects\objparser\objparser\debug\objectexpression.obj
c:\users\james\documents\visual studio 2013\projects\objparser\objparser\debug\objparser.obj
c:\users\james\documents\visual studio 2013\projects\objparser\objparser\debug\objparsertester.obj
c:\users\james\documents\visual studio 2013\projects\objparser\objparser\debug\parser.obj
c:\users\james\documents\visual studio 2013\projects\objparser\objparser\debug\scanner.obj
c:\users\james\documents\visual studio 2013\projects\objparser\objparser\debug\standardscannerstate.obj
c:\users\james\documents\visual studio 2013\projects\objparser\objparser\debug\stream.obj
c:\users\james\documents\visual studio 2013\projects\objparser\objparser\debug\symbolscannerstate.obj
c:\users\james\documents\visual studio 2013\projects\objparser\objparser\debug\token.obj
c:\users\james\documents\visual studio 2013\projects\objparser\objparser\debug\uvexpression.obj
c:\users\james\documents\visual studio 2013\projects\objparser\objparser\debug\vertexexpression.obj
c:\users\james\documents\visual studio 2013\projects\objparser\objparser\debug\color.obj
c:\users\james\documents\visual studio 2013\projects\objparser\objparser\debug\commentscannerstate.obj
c:\users\james\documents\visual studio 2013\projects\objparser\objparser\debug\endscannerstate.obj
c:\users\james\documents\visual studio 2013\projects\objparser\objparser\debug\errorscannerstate.obj
c:\users\james\documents\visual studio 2013\projects\objparser\objparser\debug\face.obj
c:\users\james\documents\visual studio 2013\projects\objparser\objparser\debug\faceexpression.obj
c:\users\james\documents\visual studio 2013\projects\objparser\objparser\debug\facevertex.obj
c:\users\james\documents\visual studio 2013\projects\objparser\objparser\debug\group.obj
c:\users\james\documents\visual studio 2013\projects\objparser\objparser\debug\identifierscannerstate.obj
c:\users\james\documents\visual studio 2013\projects\objparser\objparser\debug\iexpression.obj
c:\users\james\documents\visual studio 2013\projects\objparser\objparser\debug\dllmain.obj
c:\users\james\documents\visual studio 2013\projects\cs455project\debug\objparser.lib
c:\users\james\documents\visual studio 2013\projects\cs455project\debug\objparser.pdb
c:\users\james\documents\visual studio 2013\projects\objparser\objparser\debug\objparser.tlog\cl.command.1.tlog
c:\users\james\documents\visual studio 2013\projects\objparser\objparser\debug\objparser.tlog\cl.read.1.tlog
c:\users\james\documents\visual studio 2013\projects\objparser\objparser\debug\objparser.tlog\cl.write.1.tlog
c:\users\james\documents\visual studio 2013\projects\objparser\objparser\debug\objparser.tlog\lib-link.read.1.tlog
c:\users\james\documents\visual studio 2013\projects\objparser\objparser\debug\objparser.tlog\lib-link.write.1.tlog
c:\users\james\documents\visual studio 2013\projects\objparser\objparser\debug\objparser.tlog\lib.command.1.tlog
